<?xml version="1.0" encoding="UTF-8"?>
<testng-results ignored="0" total="2" passed="2" failed="0" skipped="0">
  <reporter-output>
    <line>
      <![CDATA[Getting ReportConnection Successfully]]>
    </line>
    <line>
      <![CDATA[Getting TestRunnerConnection Successfully]]>
    </line>
    <line>
      <![CDATA[Browser Launced Successfully]]>
    </line>
    <line>
      <![CDATA[Navigate to the Browser Performed Successfully]]>
    </line>
    <line>
      <![CDATA[Maximizing the Browser Performed Successfully]]>
    </line>
    <line>
      <![CDATA[Browser Login Successfully]]>
    </line>
    <line>
      <![CDATA[Browser Logout Successfully]]>
    </line>
    <line>
      <![CDATA[Browser Login Successfully]]>
    </line>
    <line>
      <![CDATA[Browser Logout Successfully]]>
    </line>
    <line>
      <![CDATA[Browser Terminated Successfully]]>
    </line>
    <line>
      <![CDATA[Terminate TestRunnerConnection Successfully]]>
    </line>
    <line>
      <![CDATA[Terminate ReportConnection Successfully]]>
    </line>
  </reporter-output>
  <suite started-at="2025-01-30T11:45:46 IST" name="Suite_SystemTest" finished-at="2025-01-30T11:46:30 IST" duration-ms="44633">
    <groups>
    </groups>
    <test started-at="2025-01-30T11:45:46 IST" name="ChromeTest" finished-at="2025-01-30T11:46:30 IST" duration-ms="44633">
      <class name="org.QAfoxProject.Desktops.Desktops_Mac_Test">
        <test-method is-config="true" signature="getReportConnection()[pri:0, instance:org.QAfoxProject.Desktops.Desktops_Mac_Test@1ff4931d]" started-at="2025-01-30T11:45:45 IST" name="getReportConnection" finished-at="2025-01-30T11:45:46 IST" duration-ms="391" status="PASS">
          <reporter-output>
            <line>
              <![CDATA[Getting ReportConnection Successfully]]>
            </line>
          </reporter-output>
        </test-method> <!-- getReportConnection -->
        <test-method is-config="true" signature="getTestRunnerConnection()[pri:0, instance:org.QAfoxProject.Desktops.Desktops_Mac_Test@1ff4931d]" started-at="2025-01-30T11:45:46 IST" name="getTestRunnerConnection" finished-at="2025-01-30T11:45:46 IST" duration-ms="1" status="PASS">
          <reporter-output>
            <line>
              <![CDATA[Getting TestRunnerConnection Successfully]]>
            </line>
          </reporter-output>
        </test-method> <!-- getTestRunnerConnection -->
        <test-method is-config="true" signature="browserSetup()[pri:0, instance:org.QAfoxProject.Desktops.Desktops_Mac_Test@1ff4931d]" started-at="2025-01-30T11:45:46 IST" name="browserSetup" finished-at="2025-01-30T11:46:01 IST" duration-ms="14855" status="PASS">
          <reporter-output>
            <line>
              <![CDATA[Browser Launced Successfully]]>
            </line>
            <line>
              <![CDATA[Navigate to the Browser Performed Successfully]]>
            </line>
            <line>
              <![CDATA[Maximizing the Browser Performed Successfully]]>
            </line>
          </reporter-output>
        </test-method> <!-- browserSetup -->
        <test-method is-config="true" signature="login()[pri:0, instance:org.QAfoxProject.Desktops.Desktops_Mac_Test@1ff4931d]" started-at="2025-01-30T11:46:01 IST" name="login" finished-at="2025-01-30T11:46:03 IST" duration-ms="2343" status="PASS">
          <reporter-output>
            <line>
              <![CDATA[Browser Login Successfully]]>
            </line>
          </reporter-output>
        </test-method> <!-- login -->
        <test-method signature="addProduct_Desktops_Mac()[pri:-2, instance:org.QAfoxProject.Desktops.Desktops_Mac_Test@1ff4931d]" started-at="2025-01-30T11:46:03 IST" name="addProduct_Desktops_Mac" finished-at="2025-01-30T11:46:23 IST" duration-ms="20004" status="PASS">
          <reporter-output>
          </reporter-output>
        </test-method> <!-- addProduct_Desktops_Mac -->
        <test-method is-config="true" signature="logout()[pri:0, instance:org.QAfoxProject.Desktops.Desktops_Mac_Test@1ff4931d]" started-at="2025-01-30T11:46:23 IST" name="logout" finished-at="2025-01-30T11:46:25 IST" duration-ms="1893" status="PASS">
          <reporter-output>
            <line>
              <![CDATA[Browser Logout Successfully]]>
            </line>
          </reporter-output>
        </test-method> <!-- logout -->
        <test-method is-config="true" signature="login()[pri:0, instance:org.QAfoxProject.Desktops.Desktops_Mac_Test@1ff4931d]" started-at="2025-01-30T11:46:25 IST" name="login" finished-at="2025-01-30T11:46:27 IST" duration-ms="1946" status="PASS">
          <reporter-output>
            <line>
              <![CDATA[Browser Login Successfully]]>
            </line>
          </reporter-output>
        </test-method> <!-- login -->
        <test-method signature="m1()[pri:1, instance:org.QAfoxProject.Desktops.Desktops_Mac_Test@1ff4931d]" started-at="2025-01-30T11:46:27 IST" name="m1" finished-at="2025-01-30T11:46:28 IST" duration-ms="698" status="PASS">
          <reporter-output>
          </reporter-output>
        </test-method> <!-- m1 -->
        <test-method is-config="true" signature="logout()[pri:0, instance:org.QAfoxProject.Desktops.Desktops_Mac_Test@1ff4931d]" started-at="2025-01-30T11:46:28 IST" name="logout" finished-at="2025-01-30T11:46:30 IST" duration-ms="2667" status="PASS">
          <reporter-output>
            <line>
              <![CDATA[Browser Logout Successfully]]>
            </line>
          </reporter-output>
        </test-method> <!-- logout -->
        <test-method is-config="true" signature="browserTerminate()[pri:0, instance:org.QAfoxProject.Desktops.Desktops_Mac_Test@1ff4931d]" started-at="2025-01-30T11:46:30 IST" name="browserTerminate" finished-at="2025-01-30T11:46:30 IST" duration-ms="159" status="PASS">
          <reporter-output>
            <line>
              <![CDATA[Browser Terminated Successfully]]>
            </line>
          </reporter-output>
        </test-method> <!-- browserTerminate -->
        <test-method is-config="true" signature="terminatetestRunnerConnection()[pri:0, instance:org.QAfoxProject.Desktops.Desktops_Mac_Test@1ff4931d]" started-at="2025-01-30T11:46:30 IST" name="terminatetestRunnerConnection" finished-at="2025-01-30T11:46:30 IST" duration-ms="0" status="PASS">
          <reporter-output>
            <line>
              <![CDATA[Terminate TestRunnerConnection Successfully]]>
            </line>
          </reporter-output>
        </test-method> <!-- terminatetestRunnerConnection -->
        <test-method is-config="true" signature="terminateReportConnection()[pri:0, instance:org.QAfoxProject.Desktops.Desktops_Mac_Test@1ff4931d]" started-at="2025-01-30T11:46:30 IST" name="terminateReportConnection" finished-at="2025-01-30T11:46:31 IST" duration-ms="904" status="PASS">
          <reporter-output>
            <line>
              <![CDATA[Terminate ReportConnection Successfully]]>
            </line>
          </reporter-output>
        </test-method> <!-- terminateReportConnection -->
      </class> <!-- org.QAfoxProject.Desktops.Desktops_Mac_Test -->
    </test> <!-- ChromeTest -->
  </suite> <!-- Suite_SystemTest -->
</testng-results>
