<?xml version="1.0" encoding="UTF-8"?>
<testng-results ignored="0" total="2" passed="2" failed="0" skipped="0">
  <reporter-output>
    <line>
      <![CDATA[Getting ReportConnection Successfully]]>
    </line>
    <line>
      <![CDATA[Getting TestRunnerConnection Successfully]]>
    </line>
    <line>
      <![CDATA[Browser Launced Successfully]]>
    </line>
    <line>
      <![CDATA[Navigate to the Browser Performed Successfully]]>
    </line>
    <line>
      <![CDATA[Maximizing the Browser Performed Successfully]]>
    </line>
    <line>
      <![CDATA[Browser Login Successfully]]>
    </line>
    <line>
      <![CDATA[Browser Logout Successfully]]>
    </line>
    <line>
      <![CDATA[Browser Login Successfully]]>
    </line>
    <line>
      <![CDATA[Browser Logout Successfully]]>
    </line>
    <line>
      <![CDATA[Browser Terminated Successfully]]>
    </line>
    <line>
      <![CDATA[Terminate TestRunnerConnection Successfully]]>
    </line>
    <line>
      <![CDATA[Terminate ReportConnection Successfully]]>
    </line>
  </reporter-output>
  <suite started-at="2025-01-29T19:25:05 IST" name="Suite_SystemTest" finished-at="2025-01-29T19:25:50 IST" duration-ms="44667">
    <groups>
    </groups>
    <test started-at="2025-01-29T19:25:05 IST" name="ChromeTest" finished-at="2025-01-29T19:25:50 IST" duration-ms="44667">
      <class name="org.QAfoxProject.Desktops.Desktops_Mac_Test">
        <test-method is-config="true" signature="getReportConnection()[pri:0, instance:org.QAfoxProject.Desktops.Desktops_Mac_Test@1ff4931d]" started-at="2025-01-29T19:25:05 IST" name="getReportConnection" finished-at="2025-01-29T19:25:05 IST" duration-ms="364" status="PASS">
          <reporter-output>
            <line>
              <![CDATA[Getting ReportConnection Successfully]]>
            </line>
          </reporter-output>
        </test-method> <!-- getReportConnection -->
        <test-method is-config="true" signature="getTestRunnerConnection()[pri:0, instance:org.QAfoxProject.Desktops.Desktops_Mac_Test@1ff4931d]" started-at="2025-01-29T19:25:05 IST" name="getTestRunnerConnection" finished-at="2025-01-29T19:25:05 IST" duration-ms="1" status="PASS">
          <reporter-output>
            <line>
              <![CDATA[Getting TestRunnerConnection Successfully]]>
            </line>
          </reporter-output>
        </test-method> <!-- getTestRunnerConnection -->
        <test-method is-config="true" signature="browserSetup()[pri:0, instance:org.QAfoxProject.Desktops.Desktops_Mac_Test@1ff4931d]" started-at="2025-01-29T19:25:05 IST" name="browserSetup" finished-at="2025-01-29T19:25:14 IST" duration-ms="8592" status="PASS">
          <reporter-output>
            <line>
              <![CDATA[Browser Launced Successfully]]>
            </line>
            <line>
              <![CDATA[Navigate to the Browser Performed Successfully]]>
            </line>
            <line>
              <![CDATA[Maximizing the Browser Performed Successfully]]>
            </line>
          </reporter-output>
        </test-method> <!-- browserSetup -->
        <test-method is-config="true" signature="login()[pri:0, instance:org.QAfoxProject.Desktops.Desktops_Mac_Test@1ff4931d]" started-at="2025-01-29T19:25:14 IST" name="login" finished-at="2025-01-29T19:25:16 IST" duration-ms="1863" status="PASS">
          <reporter-output>
            <line>
              <![CDATA[Browser Login Successfully]]>
            </line>
          </reporter-output>
        </test-method> <!-- login -->
        <test-method signature="addProduct_Desktops_Mac()[pri:-2, instance:org.QAfoxProject.Desktops.Desktops_Mac_Test@1ff4931d]" started-at="2025-01-29T19:25:16 IST" name="addProduct_Desktops_Mac" finished-at="2025-01-29T19:25:35 IST" duration-ms="19245" status="PASS">
          <reporter-output>
          </reporter-output>
        </test-method> <!-- addProduct_Desktops_Mac -->
        <test-method is-config="true" signature="logout()[pri:0, instance:org.QAfoxProject.Desktops.Desktops_Mac_Test@1ff4931d]" started-at="2025-01-29T19:25:35 IST" name="logout" finished-at="2025-01-29T19:25:42 IST" duration-ms="6868" status="PASS">
          <reporter-output>
            <line>
              <![CDATA[Browser Logout Successfully]]>
            </line>
          </reporter-output>
        </test-method> <!-- logout -->
        <test-method is-config="true" signature="login()[pri:0, instance:org.QAfoxProject.Desktops.Desktops_Mac_Test@1ff4931d]" started-at="2025-01-29T19:25:42 IST" name="login" finished-at="2025-01-29T19:25:46 IST" duration-ms="4082" status="PASS">
          <reporter-output>
            <line>
              <![CDATA[Browser Login Successfully]]>
            </line>
          </reporter-output>
        </test-method> <!-- login -->
        <test-method signature="m1()[pri:1, instance:org.QAfoxProject.Desktops.Desktops_Mac_Test@1ff4931d]" started-at="2025-01-29T19:25:46 IST" name="m1" finished-at="2025-01-29T19:25:47 IST" duration-ms="1283" status="PASS">
          <reporter-output>
          </reporter-output>
        </test-method> <!-- m1 -->
        <test-method is-config="true" signature="logout()[pri:0, instance:org.QAfoxProject.Desktops.Desktops_Mac_Test@1ff4931d]" started-at="2025-01-29T19:25:47 IST" name="logout" finished-at="2025-01-29T19:25:50 IST" duration-ms="2513" status="PASS">
          <reporter-output>
            <line>
              <![CDATA[Browser Logout Successfully]]>
            </line>
          </reporter-output>
        </test-method> <!-- logout -->
        <test-method is-config="true" signature="browserTerminate()[pri:0, instance:org.QAfoxProject.Desktops.Desktops_Mac_Test@1ff4931d]" started-at="2025-01-29T19:25:50 IST" name="browserTerminate" finished-at="2025-01-29T19:25:50 IST" duration-ms="164" status="PASS">
          <reporter-output>
            <line>
              <![CDATA[Browser Terminated Successfully]]>
            </line>
          </reporter-output>
        </test-method> <!-- browserTerminate -->
        <test-method is-config="true" signature="terminatetestRunnerConnection()[pri:0, instance:org.QAfoxProject.Desktops.Desktops_Mac_Test@1ff4931d]" started-at="2025-01-29T19:25:50 IST" name="terminatetestRunnerConnection" finished-at="2025-01-29T19:25:50 IST" duration-ms="0" status="PASS">
          <reporter-output>
            <line>
              <![CDATA[Terminate TestRunnerConnection Successfully]]>
            </line>
          </reporter-output>
        </test-method> <!-- terminatetestRunnerConnection -->
        <test-method is-config="true" signature="terminateReportConnection()[pri:0, instance:org.QAfoxProject.Desktops.Desktops_Mac_Test@1ff4931d]" started-at="2025-01-29T19:25:50 IST" name="terminateReportConnection" finished-at="2025-01-29T19:25:51 IST" duration-ms="879" status="PASS">
          <reporter-output>
            <line>
              <![CDATA[Terminate ReportConnection Successfully]]>
            </line>
          </reporter-output>
        </test-method> <!-- terminateReportConnection -->
      </class> <!-- org.QAfoxProject.Desktops.Desktops_Mac_Test -->
    </test> <!-- ChromeTest -->
  </suite> <!-- Suite_SystemTest -->
</testng-results>
